<?xml version="1.0" encoding="UTF-8"?>
<testsuite name="com.crossmint.tonilopezmr.domain.MegaverseTest" tests="3" skipped="0" failures="0" errors="0" timestamp="2024-03-14T20:07:07" hostname="Antonios-MacBook-Air.local" time="0.002">
  <properties/>
  <testcase name="Neighbours of 1,1 (center) in a Megaverse of 3x3()" classname="com.crossmint.tonilopezmr.domain.MegaverseTest" time="0.0"/>
  <testcase name="Neighbours of 0,0 in a Megaverse of 3x3()" classname="com.crossmint.tonilopezmr.domain.MegaverseTest" time="0.0"/>
  <testcase name="Neighbours of 2,0 in a Megaverse of 3x5()" classname="com.crossmint.tonilopezmr.domain.MegaverseTest" time="0.0"/>
  <system-out><![CDATA[]]></system-out>
  <system-err><![CDATA[]]></system-err>
</testsuite>
